C:\Program Files (x86)\MSBuild\Microsoft.Cpp\v4.0\V140\Microsoft.CppBuild.targets(392,5): warning MSB8028: The intermediate directory (gettingStarted.dir\Debug\) contains files shared from another project (Assignment1.vcxproj, Assignment3.vcxproj).  This can lead to incorrect clean and rebuild behavior.
  Assignment4.cpp
C:\VersionedCode\Assignment-4\include\vmath.h(1022): warning C4244: 'initializing': conversion from 'double' to 'float', possible loss of data
c:\versionedcode\assignment-4\objObject.cpp(159): warning C4244: 'argument': conversion from 'int' to 'float', possible loss of data
c:\versionedcode\assignment-4\objObject.cpp(160): warning C4244: 'argument': conversion from 'int' to 'float', possible loss of data
c:\versionedcode\assignment-4\objObject.cpp(161): warning C4244: 'argument': conversion from 'int' to 'float', possible loss of data
c:\versionedcode\assignment-4\objObject.cpp(162): warning C4244: 'argument': conversion from 'int' to 'float', possible loss of data
c:\versionedcode\assignment-4\objObject.cpp(163): warning C4244: 'argument': conversion from 'int' to 'float', possible loss of data
c:\versionedcode\assignment-4\objObject.cpp(164): warning C4244: 'argument': conversion from 'int' to 'float', possible loss of data
c:\versionedcode\assignment-4\objObject.cpp(168): warning C4244: 'argument': conversion from 'int' to 'float', possible loss of data
c:\versionedcode\assignment-4\objObject.cpp(169): warning C4244: 'argument': conversion from 'int' to 'float', possible loss of data
c:\versionedcode\assignment-4\objObject.cpp(170): warning C4244: 'argument': conversion from 'int' to 'float', possible loss of data
c:\versionedcode\assignment-4\objObject.cpp(171): warning C4244: 'argument': conversion from 'int' to 'float', possible loss of data
c:\versionedcode\assignment-4\objObject.cpp(172): warning C4244: 'argument': conversion from 'int' to 'float', possible loss of data
c:\versionedcode\assignment-4\objObject.cpp(173): warning C4244: 'argument': conversion from 'int' to 'float', possible loss of data
c:\versionedcode\assignment-4\objObject.cpp(174): warning C4244: 'argument': conversion from 'int' to 'float', possible loss of data
c:\versionedcode\assignment-4\objObject.cpp(175): warning C4244: 'argument': conversion from 'int' to 'float', possible loss of data
c:\versionedcode\assignment-4\objObject.cpp(176): warning C4244: 'argument': conversion from 'int' to 'float', possible loss of data
c:\versionedcode\assignment-4\objObject.cpp(187): warning C4018: '<': signed/unsigned mismatch
c:\versionedcode\assignment-4\objObject.cpp(189): warning C4244: 'initializing': conversion from 'float' to 'int', possible loss of data
c:\versionedcode\assignment-4\objObject.cpp(198): warning C4018: '<': signed/unsigned mismatch
c:\versionedcode\assignment-4\objObject.cpp(200): warning C4244: 'initializing': conversion from 'float' to 'int', possible loss of data
c:\versionedcode\assignment-4\objObject.cpp(208): warning C4018: '<': signed/unsigned mismatch
c:\versionedcode\assignment-4\objObject.cpp(210): warning C4244: 'initializing': conversion from 'float' to 'int', possible loss of data
c:\versionedcode\assignment-4\objObject.cpp(123): warning C4101: 'vertexIndex': unreferenced local variable
c:\versionedcode\assignment-4\objObject.cpp(123): warning C4101: 'normalIndex': unreferenced local variable
  gettingStarted.vcxproj -> C:\VersionedCode\Assignment-4\bin\gettingStarted_d.exe
